app/build/intermediates/manifest_merge_blame_file/debug/manifest-merger-blame-debug-report.txt
1<?xml version="1.0" encoding="utf-8"?>
2<manifest xmlns:android="http://schemas.android.com/apk/res/android"
3    package="com.clipboardshare.app"
4    android:versionCode="1"
5    android:versionName="1.0" >
6
7    <uses-sdk
8        android:minSdkVersion="21"
9        android:targetSdkVersion="34" />
10
11    <!-- Permission to read files shared via URI -->
12    <uses-permission
12-->src/main/AndroidManifest.xml:6:5-7:38
13        android:name="android.permission.READ_EXTERNAL_STORAGE"
13-->src/main/AndroidManifest.xml:6:22-77
14        android:maxSdkVersion="32" />
14-->src/main/AndroidManifest.xml:7:9-35
15
16    <permission
16-->[androidx.core:core:1.12.0] AndroidManifest.xml:22:5-24:47
17        android:name="com.clipboardshare.app.DYNAMIC_RECEIVER_NOT_EXPORTED_PERMISSION"
17-->[androidx.core:core:1.12.0] AndroidManifest.xml:23:9-81
18        android:protectionLevel="signature" />
18-->[androidx.core:core:1.12.0] AndroidManifest.xml:24:9-44
19
20    <uses-permission android:name="com.clipboardshare.app.DYNAMIC_RECEIVER_NOT_EXPORTED_PERMISSION" />
20-->[androidx.core:core:1.12.0] AndroidManifest.xml:26:5-97
20-->[androidx.core:core:1.12.0] AndroidManifest.xml:26:22-94
21
22    <application
22-->src/main/AndroidManifest.xml:9:5-61:19
23        android:allowBackup="false"
23-->src/main/AndroidManifest.xml:10:9-36
24        android:appComponentFactory="androidx.core.app.CoreComponentFactory"
24-->[androidx.core:core:1.12.0] AndroidManifest.xml:28:18-86
25        android:debuggable="true"
26        android:extractNativeLibs="true"
27        android:icon="@mipmap/ic_launcher"
27-->src/main/AndroidManifest.xml:11:9-43
28        android:label="@string/app_name"
28-->src/main/AndroidManifest.xml:12:9-41
29        android:roundIcon="@mipmap/ic_launcher_round"
29-->src/main/AndroidManifest.xml:13:9-54
30        android:supportsRtl="true"
30-->src/main/AndroidManifest.xml:14:9-35
31        android:theme="@style/Theme.ClipboardShare" >
31-->src/main/AndroidManifest.xml:15:9-52
32
33        <!-- Main share receiver activity -->
34        <activity
34-->src/main/AndroidManifest.xml:19:9-48:20
35            android:name="com.clipboardshare.app.ShareActivity"
35-->src/main/AndroidManifest.xml:20:13-42
36            android:excludeFromRecents="true"
36-->src/main/AndroidManifest.xml:23:13-46
37            android:exported="true"
37-->src/main/AndroidManifest.xml:21:13-36
38            android:noHistory="true"
38-->src/main/AndroidManifest.xml:24:13-37
39            android:theme="@style/Theme.ClipboardShare.Transparent" >
39-->src/main/AndroidManifest.xml:22:13-68
40
41            <!-- Catch all file types via share -->
42            <intent-filter>
42-->src/main/AndroidManifest.xml:27:13-31:29
43                <action android:name="android.intent.action.SEND" />
43-->src/main/AndroidManifest.xml:28:17-69
43-->src/main/AndroidManifest.xml:28:25-66
44
45                <category android:name="android.intent.category.DEFAULT" />
45-->src/main/AndroidManifest.xml:29:17-76
45-->src/main/AndroidManifest.xml:29:27-73
46
47                <data android:mimeType="text/*" />
47-->src/main/AndroidManifest.xml:30:17-51
47-->src/main/AndroidManifest.xml:30:23-48
48            </intent-filter>
49            <intent-filter>
49-->src/main/AndroidManifest.xml:32:13-36:29
50                <action android:name="android.intent.action.SEND" />
50-->src/main/AndroidManifest.xml:28:17-69
50-->src/main/AndroidManifest.xml:28:25-66
51
52                <category android:name="android.intent.category.DEFAULT" />
52-->src/main/AndroidManifest.xml:29:17-76
52-->src/main/AndroidManifest.xml:29:27-73
53
54                <data android:mimeType="application/octet-stream" />
54-->src/main/AndroidManifest.xml:30:17-51
54-->src/main/AndroidManifest.xml:30:23-48
55            </intent-filter>
56            <intent-filter>
56-->src/main/AndroidManifest.xml:37:13-41:29
57                <action android:name="android.intent.action.SEND" />
57-->src/main/AndroidManifest.xml:28:17-69
57-->src/main/AndroidManifest.xml:28:25-66
58
59                <category android:name="android.intent.category.DEFAULT" />
59-->src/main/AndroidManifest.xml:29:17-76
59-->src/main/AndroidManifest.xml:29:27-73
60
61                <data android:mimeType="*/*" />
61-->src/main/AndroidManifest.xml:30:17-51
61-->src/main/AndroidManifest.xml:30:23-48
62            </intent-filter>
63            <!-- Plain text share (from browsers, apps) -->
64            <intent-filter>
64-->src/main/AndroidManifest.xml:43:13-47:29
65                <action android:name="android.intent.action.SEND" />
65-->src/main/AndroidManifest.xml:28:17-69
65-->src/main/AndroidManifest.xml:28:25-66
66
67                <category android:name="android.intent.category.DEFAULT" />
67-->src/main/AndroidManifest.xml:29:17-76
67-->src/main/AndroidManifest.xml:29:27-73
68
69                <data android:mimeType="text/plain" />
69-->src/main/AndroidManifest.xml:30:17-51
69-->src/main/AndroidManifest.xml:30:23-48
70            </intent-filter>
71        </activity>
72
73        <!-- FileProvider for accessing shared files -->
74        <provider
75            android:name="androidx.core.content.FileProvider"
75-->src/main/AndroidManifest.xml:52:13-62
76            android:authorities="com.clipboardshare.app.fileprovider"
76-->src/main/AndroidManifest.xml:53:13-64
77            android:exported="false"
77-->src/main/AndroidManifest.xml:54:13-37
78            android:grantUriPermissions="true" >
78-->src/main/AndroidManifest.xml:55:13-47
79            <meta-data
79-->src/main/AndroidManifest.xml:56:13-58:54
80                android:name="android.support.FILE_PROVIDER_PATHS"
80-->src/main/AndroidManifest.xml:57:17-67
81                android:resource="@xml/file_paths" />
81-->src/main/AndroidManifest.xml:58:17-51
82        </provider>
83    </application>
84
85</manifest>